<?xml version="1.0" encoding="UTF-8"?>
<!-- Generated by org.testng.reporters.JUnitReportReporter -->
<testsuite hostname="DESKTOP-V85LRPA" failures="0" tests="1" name="com.testCase.Tc_login_001" time="16.526" errors="0" timestamp="2023-09-16T00:31:29 GMT-07:00" skipped="0">
  <testcase classname="com.testCase.Tc_login_001" name="loginTest" time="16.526"/>
  <system-out/>
</testsuite> <!-- com.testCase.Tc_login_001 -->
